<?xml version="1.0" encoding="UTF-8"?>
<!-- Generated by org.testng.reporters.JUnitReportReporter -->
<testsuite hostname="DESKTOP-HDBL699" failures="0" tests="1" name="testngpackage.WindowHandlers" time="1.283" errors="0" timestamp="2024-11-15T12:23:43 IST" skipped="0">
  <testcase classname="testngpackage.WindowHandlers" name="windowHandle" time="1.283"/>
  <system-out/>
</testsuite> <!-- testngpackage.WindowHandlers -->
