<?xml version="1.0" encoding="UTF-8"?>
<!-- Generated by org.testng.reporters.JUnitReportReporter -->
<testsuite hostname="DESKTOP-HDBL699" failures="0" tests="3" name="testngpackage.CrossGoogleSrch" time="20.884" errors="0" timestamp="2024-11-14T23:45:19 IST" skipped="0">
  <testcase classname="testngpackage.CrossGoogleSrch" name="paraMtr" time="2.058"/>
  <system-out/>
  <testcase classname="testngpackage.CrossGoogleSrch" name="paraMtr" time="16.515"/>
  <system-out/>
  <testcase classname="testngpackage.CrossGoogleSrch" name="paraMtr" time="2.311"/>
  <system-out/>
</testsuite> <!-- testngpackage.CrossGoogleSrch -->
