<?xml version="1.0" encoding="UTF-8"?>
<!-- Generated by org.testng.reporters.JUnitReportReporter -->
<testsuite hostname="DESKTOP-HDBL699" failures="0" tests="5" name="testngpackage.TestNGDemo" time="0.035" errors="0" timestamp="2024-11-13T00:21:06 IST" skipped="0">
  <testcase classname="testngpackage.TestNGDemo" name="test3" time="0.005"/>
  <system-out/>
  <testcase classname="testngpackage.TestNGDemo" name="test2" time="0.013"/>
  <system-out/>
  <testcase classname="testngpackage.TestNGDemo" name="test1" time="0.008"/>
  <system-out/>
  <testcase classname="testngpackage.TestNGDemo" name="test1" time="0.004"/>
  <system-out/>
  <testcase classname="testngpackage.TestNGDemo" name="test1" time="0.005"/>
  <system-out/>
</testsuite> <!-- testngpackage.TestNGDemo -->
