<?xml version="1.0" encoding="UTF-8"?>
<!-- Generated by org.testng.reporters.JUnitReportReporter -->
<testsuite hostname="DESKTOP-HDBL699" failures="0" tests="1" name="testngpackage.CopyPasteActions" time="0.781" errors="0" timestamp="2024-11-14T23:42:56 IST" skipped="0">
  <testcase classname="testngpackage.CopyPasteActions" name="copyPaste" time="0.781"/>
  <system-out/>
</testsuite> <!-- testngpackage.CopyPasteActions -->
