<?xml version="1.0" encoding="UTF-8"?>
<!-- Generated by org.testng.reporters.JUnitReportReporter -->
<testsuite hostname="DESKTOP-HDBL699" failures="0" tests="1" name="testngpackage.GoogleTestNG" time="0.262" errors="0" timestamp="2024-11-14T23:52:40 IST" skipped="0">
  <testcase classname="testngpackage.GoogleTestNG" name="googlesrch" time="0.262"/>
  <system-out/>
</testsuite> <!-- testngpackage.GoogleTestNG -->
