<?xml version="1.0" encoding="UTF-8"?>
<!-- Generated by org.testng.reporters.JUnitReportReporter -->
<testsuite hostname="DESKTOP-HDBL699" failures="0" tests="1" name="testngpackage.GuruDemo" time="0.811" errors="0" timestamp="2024-11-14T23:39:35 IST" skipped="0">
  <testcase classname="testngpackage.GuruDemo" name="guruDemo" time="0.811"/>
  <system-out/>
</testsuite> <!-- testngpackage.GuruDemo -->
