<?xml version="1.0" encoding="UTF-8"?>
<!-- Generated by org.testng.reporters.JUnitReportReporter -->
<testsuite hostname="DESKTOP-HDBL699" failures="0" tests="1" name="testngpackage.FileUpload" time="16.721" errors="0" timestamp="2024-11-19T01:18:15 IST" skipped="0">
  <testcase classname="testngpackage.FileUpload" name="fileUp" time="16.721"/>
  <system-out/>
</testsuite> <!-- testngpackage.FileUpload -->
