<?xml version="1.0" encoding="UTF-8"?>
<!-- Generated by org.testng.reporters.JUnitReportReporter -->
<testsuite hostname="DESKTOP-HDBL699" failures="0" tests="1" name="testngpackage.DataDrivenTest" time="22.015" errors="0" timestamp="2024-12-07T02:34:09 IST" skipped="0">
  <testcase classname="testngpackage.DataDrivenTest" name="datadrivenTest" time="22.015"/>
  <system-out/>
</testsuite> <!-- testngpackage.DataDrivenTest -->
