<?xml version="1.0" encoding="UTF-8"?>
<!-- Generated by org.testng.reporters.JUnitReportReporter -->
<testsuite hostname="DESKTOP-HDBL699" failures="0" tests="1" name="testngpackage.HardAssertion" time="0.098" errors="0" timestamp="2024-11-18T12:17:37 IST" skipped="0">
  <testcase classname="testngpackage.HardAssertion" name="titleVerification" time="0.098"/>
  <system-out/>
</testsuite> <!-- testngpackage.HardAssertion -->
