<?xml version="1.0" encoding="UTF-8"?>
<!-- Generated by org.testng.reporters.JUnitReportReporter -->
<testsuite hostname="DESKTOP-HDBL699" failures="0" tests="1" name="testngpackage.Parameterisation" time="0.021" errors="0" timestamp="2024-11-12T12:32:56 IST" skipped="0">
  <testcase classname="testngpackage.Parameterisation" name="paraMtr" time="0.021"/>
  <system-out/>
</testsuite> <!-- testngpackage.Parameterisation -->
