<?xml version="1.0" encoding="UTF-8"?>
<!-- Generated by org.testng.reporters.JUnitReportReporter -->
<testsuite hostname="DESKTOP-HDBL699" failures="0" tests="1" name="testngpackage.SoftAssertion" time="0.034" errors="0" timestamp="2024-11-18T12:13:01 IST" skipped="0">
  <testcase classname="testngpackage.SoftAssertion" name="titleVerification" time="0.034"/>
  <system-out/>
</testsuite> <!-- testngpackage.SoftAssertion -->
