<?xml version="1.0" encoding="UTF-8"?>
<!-- Generated by org.testng.reporters.JUnitReportReporter -->
<testsuite hostname="DESKTOP-HDBL699" failures="0" tests="1" name="testngpackage.EbayMouseHover" time="3.718" errors="0" timestamp="2024-11-14T23:26:33 IST" skipped="0">
  <testcase classname="testngpackage.EbayMouseHover" name="ebayMouse" time="3.718"/>
  <system-out/>
</testsuite> <!-- testngpackage.EbayMouseHover -->
