<?xml version="1.0" encoding="UTF-8"?>
<!-- Generated by org.testng.reporters.JUnitReportReporter -->
<testsuite hostname="DESKTOP-HDBL699" failures="0" tests="1" name="testngpackage.TestLogin" time="9.317" errors="0" timestamp="2024-11-18T12:54:08 IST" skipped="0">
  <testcase classname="testngpackage.TestLogin" name="testLogin" time="9.317"/>
  <system-out/>
</testsuite> <!-- testngpackage.TestLogin -->
