<?xml version="1.0" encoding="UTF-8"?>
<!-- Generated by org.testng.reporters.JUnitReportReporter -->
<testsuite hostname="DESKTOP-HDBL699" failures="0" tests="1" name="testngpackage.AmazonPgm" time="21.004" errors="0" timestamp="2024-11-15T15:45:38 IST" skipped="0">
  <testcase classname="testngpackage.AmazonPgm" name="amazonPgm" time="21.004"/>
  <system-out/>
</testsuite> <!-- testngpackage.AmazonPgm -->
