<?xml version="1.0" encoding="UTF-8"?>
<!-- Generated by org.testng.reporters.JUnitReportReporter -->
<testsuite hostname="DESKTOP-HDBL699" failures="0" tests="1" name="testngpackage.DragAndDrop" time="0.846" errors="0" timestamp="2024-11-13T12:11:15 IST" skipped="0">
  <testcase classname="testngpackage.DragAndDrop" name="dragDrop" time="0.846"/>
  <system-out/>
</testsuite> <!-- testngpackage.DragAndDrop -->
