<?xml version="1.0" encoding="UTF-8"?>
<!-- Generated by org.testng.reporters.JUnitReportReporter -->
<testsuite hostname="DESKTOP-HDBL699" failures="0" tests="1" name="testngpackage.FileUploadAutoIT" time="7.578" errors="0" timestamp="2024-11-19T03:17:23 IST" skipped="0">
  <testcase classname="testngpackage.FileUploadAutoIT" name="fileUp" time="7.578"/>
  <system-out/>
</testsuite> <!-- testngpackage.FileUploadAutoIT -->
